# JRE version: Java(TM) SE Runtime Environment (21.0.8+12) (build 21.0.8+12-LTS-250)
# Java VM: Java HotSpot(TM) 64-Bit Server VM (21.0.8+12-LTS-250, mixed mode, sharing, tiered, compressed oops, compressed class ptrs, g1 gc, windows-amd64)
GC Precious Log:
 CardTable entry size: 512
 Card Set container configuration: InlinePtr #cards 5 size 8 Array Of Cards #cards 12 size 40 Howl #buckets 4 coarsen threshold 1843 Howl Bitmap #cards 512 size 80 coarsen threshold 460 Card regions per heap region 1 cards per card region 2048
 CPUs: 4 total, 4 available
 Memory: 4007M
 Large Page Support: Disabled
 NUMA Support: Disabled
 Compressed Oops: Enabled (32-bit)
 Heap Region Size: 1M
 Heap Min Capacity: 8M
 Heap Initial Capacity: 64M
 Heap Max Capacity: 1002M
 Pre-touch: Disabled
 Parallel Workers: 4
 Concurrent Workers: 1
 Concurrent Refinement Workers: 4
 Periodic GC: Disabled
Heap:
 garbage-first heap   total 55296K, used 32108K [0x00000000c1600000, 0x0000000100000000)
  region size 1024K, 7 young (7168K), 2 survivors (2048K)
 Metaspace       used 69270K, committed 70016K, reserved 1114112K
  class space    used 9196K, committed 9536K, reserved 1048576K
GC Heap History (20 events):
Event: 5.312 GC heap before
{Heap before GC invocations=3 (full 0):
 garbage-first heap   total 65536K, used 45328K [0x00000000c1600000, 0x0000000100000000)
  region size 1024K, 38 young (38912K), 4 survivors (4096K)
 Metaspace       used 20950K, committed 21312K, reserved 1114112K
  class space    used 2551K, committed 2688K, reserved 1048576K
}
Event: 5.329 GC heap after
{Heap after GC invocations=4 (full 0):
 garbage-first heap   total 65536K, used 13717K [0x00000000c1600000, 0x0000000100000000)
  region size 1024K, 5 young (5120K), 5 survivors (5120K)
 Metaspace       used 20950K, committed 21312K, reserved 1114112K
  class space    used 2551K, committed 2688K, reserved 1048576K
}
Event: 5.407 GC heap before
{Heap before GC invocations=4 (full 0):
 garbage-first heap   total 65536K, used 14741K [0x00000000c1600000, 0x0000000100000000)
  region size 1024K, 7 young (7168K), 5 survivors (5120K)
 Metaspace       used 21132K, committed 21504K, reserved 1114112K
  class space    used 2573K, committed 2752K, reserved 1048576K
}
Event: 5.426 GC heap after
{Heap after GC invocations=5 (full 0):
 garbage-first heap   total 65536K, used 14727K [0x00000000c1600000, 0x0000000100000000)
  region size 1024K, 1 young (1024K), 1 survivors (1024K)
 Metaspace       used 21132K, committed 21504K, reserved 1114112K
  class space    used 2573K, committed 2752K, reserved 1048576K
}
Event: 8.511 GC heap before
{Heap before GC invocations=6 (full 0):
 garbage-first heap   total 55296K, used 46471K [0x00000000c1600000, 0x0000000100000000)
  region size 1024K, 32 young (32768K), 1 survivors (1024K)
 Metaspace       used 27857K, committed 28288K, reserved 1114112K
  class space    used 3477K, committed 3648K, reserved 1048576K
}
Event: 8.526 GC heap after
{Heap after GC invocations=7 (full 0):
 garbage-first heap   total 55296K, used 17633K [0x00000000c1600000, 0x0000000100000000)
  region size 1024K, 4 young (4096K), 4 survivors (4096K)
 Metaspace       used 27857K, committed 28288K, reserved 1114112K
  class space    used 3477K, committed 3648K, reserved 1048576K
}
Event: 11.157 GC heap before
{Heap before GC invocations=7 (full 0):
 garbage-first heap   total 55296K, used 44257K [0x00000000c1600000, 0x0000000100000000)
  region size 1024K, 30 young (30720K), 4 survivors (4096K)
 Metaspace       used 34455K, committed 35072K, reserved 1114112K
  class space    used 4462K, committed 4736K, reserved 1048576K
}
Event: 11.168 GC heap after
{Heap after GC invocations=8 (full 0):
 garbage-first heap   total 55296K, used 19331K [0x00000000c1600000, 0x0000000100000000)
  region size 1024K, 2 young (2048K), 2 survivors (2048K)
 Metaspace       used 34455K, committed 35072K, reserved 1114112K
  class space    used 4462K, committed 4736K, reserved 1048576K
}
Event: 11.439 GC heap before
{Heap before GC invocations=8 (full 0):
 garbage-first heap   total 55296K, used 23427K [0x00000000c1600000, 0x0000000100000000)
  region size 1024K, 7 young (7168K), 2 survivors (2048K)
 Metaspace       used 35468K, committed 35968K, reserved 1114112K
  class space    used 4644K, committed 4864K, reserved 1048576K
}
Event: 11.445 GC heap after
{Heap after GC invocations=9 (full 0):
 garbage-first heap   total 55296K, used 19650K [0x00000000c1600000, 0x0000000100000000)
  region size 1024K, 3 young (3072K), 3 survivors (3072K)
 Metaspace       used 35468K, committed 35968K, reserved 1114112K
  class space    used 4644K, committed 4864K, reserved 1048576K
}
Event: 15.037 GC heap before
{Heap before GC invocations=10 (full 0):
 garbage-first heap   total 55296K, used 45250K [0x00000000c1600000, 0x0000000100000000)
  region size 1024K, 29 young (29696K), 3 survivors (3072K)
 Metaspace       used 46235K, committed 46784K, reserved 1114112K
  class space    used 5933K, committed 6208K, reserved 1048576K
}
Event: 15.046 GC heap after
{Heap after GC invocations=11 (full 0):
 garbage-first heap   total 55296K, used 22271K [0x00000000c1600000, 0x0000000100000000)
  region size 1024K, 4 young (4096K), 4 survivors (4096K)
 Metaspace       used 46235K, committed 46784K, reserved 1114112K
  class space    used 5933K, committed 6208K, reserved 1048576K
}
Event: 17.042 GC heap before
{Heap before GC invocations=11 (full 0):
 garbage-first heap   total 55296K, used 45823K [0x00000000c1600000, 0x0000000100000000)
  region size 1024K, 28 young (28672K), 4 survivors (4096K)
 Metaspace       used 54064K, committed 54656K, reserved 1114112K
  class space    used 7077K, committed 7360K, reserved 1048576K
}
Event: 17.059 GC heap after
{Heap after GC invocations=12 (full 0):
 garbage-first heap   total 55296K, used 23848K [0x00000000c1600000, 0x0000000100000000)
  region size 1024K, 2 young (2048K), 2 survivors (2048K)
 Metaspace       used 54064K, committed 54656K, reserved 1114112K
  class space    used 7077K, committed 7360K, reserved 1048576K
}
Event: 18.360 GC heap before
{Heap before GC invocations=12 (full 0):
 garbage-first heap   total 55296K, used 45352K [0x00000000c1600000, 0x0000000100000000)
  region size 1024K, 25 young (25600K), 2 survivors (2048K)
 Metaspace       used 59770K, committed 60288K, reserved 1114112K
  class space    used 7893K, committed 8128K, reserved 1048576K
}
Event: 18.375 GC heap after
{Heap after GC invocations=13 (full 0):
 garbage-first heap   total 55296K, used 25463K [0x00000000c1600000, 0x0000000100000000)
  region size 1024K, 4 young (4096K), 4 survivors (4096K)
 Metaspace       used 59770K, committed 60288K, reserved 1114112K
  class space    used 7893K, committed 8128K, reserved 1048576K
}
Event: 19.808 GC heap before
{Heap before GC invocations=14 (full 0):
 garbage-first heap   total 55296K, used 45943K [0x00000000c1600000, 0x0000000100000000)
  region size 1024K, 24 young (24576K), 4 survivors (4096K)
 Metaspace       used 62317K, committed 62912K, reserved 1114112K
  class space    used 8309K, committed 8576K, reserved 1048576K
}
Event: 19.819 GC heap after
{Heap after GC invocations=15 (full 0):
 garbage-first heap   total 55296K, used 28189K [0x00000000c1600000, 0x0000000100000000)
  region size 1024K, 3 young (3072K), 3 survivors (3072K)
 Metaspace       used 62317K, committed 62912K, reserved 1114112K
  class space    used 8309K, committed 8576K, reserved 1048576K
}
Event: 34.671 GC heap before
{Heap before GC invocations=15 (full 0):
 garbage-first heap   total 55296K, used 46621K [0x00000000c1600000, 0x0000000100000000)
  region size 1024K, 22 young (22528K), 3 survivors (3072K)
 Metaspace       used 68187K, committed 68864K, reserved 1114112K
  class space    used 9101K, committed 9408K, reserved 1048576K
}
Event: 34.684 GC heap after
{Heap after GC invocations=16 (full 0):
 garbage-first heap   total 55296K, used 29036K [0x00000000c1600000, 0x0000000100000000)
  region size 1024K, 2 young (2048K), 2 survivors (2048K)
 Metaspace       used 68187K, committed 68864K, reserved 1114112K
  class space    used 9101K, committed 9408K, reserved 1048576K
}

